
**** Build of configuration Debug for project Timing ****

"C:\\ti\\ccsv5\\utils\\bin\\gmake" -k all 
'Building file: ../Sys_BIOs_config.cfg'
'Invoking: XDCtools'
"C:/ti/xdctools_3_25_03_72/xs" --xdcpath="C:/ti/bios_6_35_04_50/packages;C:/ti/ccsv5/ccs_base;C:/ti/uia_1_03_01_08/packages;" xdc.tools.configuro -o configPkg -t ti.targets.elf.C66 -p ti.platforms.simTCI6608 -r release -c "C:/ti/ccsv5/tools/compiler/c6000_7.4.4" "../Sys_BIOs_config.cfg"
making package.mak (because of package.bld) ...
generating interfaces for package configPkg (because package/package.xdc.inc is older than package.xdc) ...
configuring Sys_BIOs_config.xe66 from package/cfg/Sys_BIOs_config_pe66.cfg ...
cle66 package/cfg/Sys_BIOs_config_pe66.c ...
'Finished building: ../Sys_BIOs_config.cfg'
' '
'Building file: ../main.c'
'Invoking: C6000 Compiler'
"C:/ti/ccsv5/tools/compiler/c6000_7.4.4/bin/cl6x" -mv6600 --abi=eabi -g --include_path="C:/ti/ccsv5/tools/compiler/c6000_7.4.4/include" --display_error_number --diag_warning=225 --diag_wrap=off --preproc_with_compile --preproc_dependency="main.pp" --cmd_file="./configPkg/compiler.opt"  "../main.c"
'Finished building: ../main.c'
' '
'Building target: Timing.out'
'Invoking: C6000 Linker'
"C:/ti/ccsv5/tools/compiler/c6000_7.4.4/bin/cl6x" -mv6600 --abi=eabi -g --display_error_number --diag_warning=225 --diag_wrap=off -z -m"Timing.map" -i"C:/ti/ccsv5/tools/compiler/c6000_7.4.4/lib" -i"C:/ti/ccsv5/tools/compiler/c6000_7.4.4/include" --reread_libs --warn_sections --display_error_number --diag_wrap=off --xml_link_info="Timing_linkInfo.xml" --rom_model -o "Timing.out" -l"./configPkg/linker.cmd"  "./main.obj" -l"libc.a" 
<Linking>
'Finished building target: Timing.out'
' '

**** Build Finished ****
